<?xml version="1.0" encoding="UTF-8"?>
<!-- Generated by org.testng.reporters.JUnitReportReporter -->
<testsuite skipped="0" hostname="DESKTOP-FCV789S" name="com.searchmodule.tests.SearchTest" tests="5" failures="0" timestamp="09 Nov 2019 11:02:43 GMT" time="21.657" errors="0">
  <testcase name="search" time="4.632" classname="com.searchmodule.tests.SearchTest"/>
  <testcase name="search" time="3.762" classname="com.searchmodule.tests.SearchTest"/>
  <testcase name="search" time="4.255" classname="com.searchmodule.tests.SearchTest"/>
  <testcase name="search" time="4.166" classname="com.searchmodule.tests.SearchTest"/>
  <testcase name="search" time="4.842" classname="com.searchmodule.tests.SearchTest"/>
</testsuite> <!-- com.searchmodule.tests.SearchTest -->
