<?xml version="1.0" encoding="UTF-8"?>
<!-- Generated by org.testng.reporters.JUnitReportReporter -->
<testsuite skipped="0" hostname="DESKTOP-FCV789S" name="com.newtours.tests.BookFlightTest" tests="25" failures="0" timestamp="14 Nov 2019 05:16:06 GMT" time="179.055" errors="0">
  <testcase name="flightConfirmationPage" time="1.638" classname="com.newtours.tests.BookFlightTest"/>
  <testcase name="registrationConfirmationPage" time="1.571" classname="com.newtours.tests.BookFlightTest"/>
  <testcase name="findFlightsPage" time="2.866" classname="com.newtours.tests.BookFlightTest"/>
  <testcase name="registrationConfirmationPage" time="1.621" classname="com.newtours.tests.BookFlightTest"/>
  <testcase name="registrationPageTest" time="28.049" classname="com.newtours.tests.BookFlightTest"/>
  <testcase name="registrationPageTest" time="27.969" classname="com.newtours.tests.BookFlightTest"/>
  <testcase name="registrationConfirmationPage" time="1.602" classname="com.newtours.tests.BookFlightTest"/>
  <testcase name="flightConfirmationPage" time="1.716" classname="com.newtours.tests.BookFlightTest"/>
  <testcase name="flightDetailsPage" time="1.411" classname="com.newtours.tests.BookFlightTest"/>
  <testcase name="flightDetailsPage" time="1.485" classname="com.newtours.tests.BookFlightTest"/>
  <testcase name="registrationPageTest" time="27.828" classname="com.newtours.tests.BookFlightTest"/>
  <testcase name="findFlightsPage" time="2.959" classname="com.newtours.tests.BookFlightTest"/>
  <testcase name="flightConfirmationPage" time="1.680" classname="com.newtours.tests.BookFlightTest"/>
  <testcase name="flightDetailsPage" time="1.722" classname="com.newtours.tests.BookFlightTest"/>
  <testcase name="flightDetailsPage" time="1.484" classname="com.newtours.tests.BookFlightTest"/>
  <testcase name="flightConfirmationPage" time="1.543" classname="com.newtours.tests.BookFlightTest"/>
  <testcase name="findFlightsPage" time="2.961" classname="com.newtours.tests.BookFlightTest"/>
  <testcase name="findFlightsPage" time="3.297" classname="com.newtours.tests.BookFlightTest"/>
  <testcase name="registrationPageTest" time="27.854" classname="com.newtours.tests.BookFlightTest"/>
  <testcase name="registrationPageTest" time="28.355" classname="com.newtours.tests.BookFlightTest"/>
  <testcase name="findFlightsPage" time="3.498" classname="com.newtours.tests.BookFlightTest"/>
  <testcase name="flightConfirmationPage" time="1.691" classname="com.newtours.tests.BookFlightTest"/>
  <testcase name="registrationConfirmationPage" time="1.566" classname="com.newtours.tests.BookFlightTest"/>
  <testcase name="flightDetailsPage" time="1.266" classname="com.newtours.tests.BookFlightTest"/>
  <testcase name="registrationConfirmationPage" time="1.423" classname="com.newtours.tests.BookFlightTest"/>
</testsuite> <!-- com.newtours.tests.BookFlightTest -->
